[debug] [2021-07-06T11:30:32.206Z] ----------------------------------------------------------------------
[debug] [2021-07-06T11:30:32.208Z] Command:       /usr/local/bin/node /usr/local/bin/firebase deploy
[debug] [2021-07-06T11:30:32.208Z] CLI Version:   9.14.0
[debug] [2021-07-06T11:30:32.208Z] Platform:      darwin
[debug] [2021-07-06T11:30:32.209Z] Node Version:  v14.17.0
[debug] [2021-07-06T11:30:32.210Z] Time:          Tue Jul 06 2021 17:00:32 GMT+0530 (India Standard Time)
[debug] [2021-07-06T11:30:32.210Z] ----------------------------------------------------------------------
[debug] 
[debug] [2021-07-06T11:30:32.223Z] > command requires scopes: ["email","openid","https://www.googleapis.com/auth/cloudplatformprojects.readonly","https://www.googleapis.com/auth/firebase","https://www.googleapis.com/auth/cloud-platform"]
[debug] [2021-07-06T11:30:32.223Z] > authorizing via signed-in user (pasanratnayake@gmail.com)
[debug] [2021-07-06T11:30:32.223Z] [iam] checking project tiktok-clone-df609 for permissions ["firebase.projects.get","firebasehosting.sites.update"]
[debug] [2021-07-06T11:30:32.225Z] > refreshing access token with scopes: ["email","https://www.googleapis.com/auth/cloud-platform","https://www.googleapis.com/auth/cloudplatformprojects.readonly","https://www.googleapis.com/auth/firebase","openid"]
[debug] [2021-07-06T11:30:32.226Z] >>> HTTP REQUEST POST https://www.googleapis.com/oauth2/v3/token  
 <request body omitted>
[debug] [2021-07-06T11:30:33.026Z] <<< HTTP RESPONSE 200 {"cache-control":"no-cache, no-store, max-age=0, must-revalidate","expires":"Mon, 01 Jan 1990 00:00:00 GMT","pragma":"no-cache","date":"Tue, 06 Jul 2021 11:30:33 GMT","content-type":"application/json; charset=utf-8","vary":"X-Origin, Referer, Origin,Accept-Encoding","server":"scaffolding on HTTPServer2","x-xss-protection":"0","x-frame-options":"SAMEORIGIN","x-content-type-options":"nosniff","alt-svc":"h3=\":443\"; ma=2592000,h3-29=\":443\"; ma=2592000,h3-T051=\":443\"; ma=2592000,h3-Q050=\":443\"; ma=2592000,h3-Q046=\":443\"; ma=2592000,h3-Q043=\":443\"; ma=2592000,quic=\":443\"; ma=2592000; v=\"46,43\"","accept-ranges":"none","transfer-encoding":"chunked"}
[debug] [2021-07-06T11:30:33.068Z] >>> HTTP REQUEST POST https://cloudresourcemanager.googleapis.com/v1/projects/tiktok-clone-df609:testIamPermissions  
 {"permissions":["firebase.projects.get","firebasehosting.sites.update"]}
[debug] [2021-07-06T11:30:34.957Z] <<< HTTP RESPONSE 200 {"content-type":"application/json; charset=UTF-8","vary":"X-Origin, Referer, Origin,Accept-Encoding","date":"Tue, 06 Jul 2021 11:30:35 GMT","server":"ESF","cache-control":"private","x-xss-protection":"0","x-frame-options":"SAMEORIGIN","x-content-type-options":"nosniff","server-timing":"gfet4t7; dur=1410","alt-svc":"h3=\":443\"; ma=2592000,h3-29=\":443\"; ma=2592000,h3-T051=\":443\"; ma=2592000,h3-Q050=\":443\"; ma=2592000,h3-Q046=\":443\"; ma=2592000,h3-Q043=\":443\"; ma=2592000,quic=\":443\"; ma=2592000; v=\"46,43\"","accept-ranges":"none","transfer-encoding":"chunked"}
[debug] [2021-07-06T11:30:34.959Z] > refreshing access token with scopes: []
[debug] [2021-07-06T11:30:34.959Z] >>> HTTP REQUEST POST https://www.googleapis.com/oauth2/v3/token  
 <request body omitted>
[debug] [2021-07-06T11:30:35.484Z] <<< HTTP RESPONSE 200 {"expires":"Mon, 01 Jan 1990 00:00:00 GMT","date":"Tue, 06 Jul 2021 11:30:35 GMT","cache-control":"no-cache, no-store, max-age=0, must-revalidate","pragma":"no-cache","content-type":"application/json; charset=utf-8","vary":"X-Origin, Referer, Origin,Accept-Encoding","server":"scaffolding on HTTPServer2","x-xss-protection":"0","x-frame-options":"SAMEORIGIN","x-content-type-options":"nosniff","alt-svc":"h3=\":443\"; ma=2592000,h3-29=\":443\"; ma=2592000,h3-T051=\":443\"; ma=2592000,h3-Q050=\":443\"; ma=2592000,h3-Q046=\":443\"; ma=2592000,h3-Q043=\":443\"; ma=2592000,quic=\":443\"; ma=2592000; v=\"46,43\"","accept-ranges":"none","transfer-encoding":"chunked"}
[debug] [2021-07-06T11:30:35.518Z] >>> [apiv2][query] GET https://firebase.googleapis.com/v1beta1/projects/tiktok-clone-df609 [none]
[debug] [2021-07-06T11:30:36.194Z] <<< [apiv2][status] GET https://firebase.googleapis.com/v1beta1/projects/tiktok-clone-df609 200
[debug] [2021-07-06T11:30:36.194Z] <<< [apiv2][body] GET https://firebase.googleapis.com/v1beta1/projects/tiktok-clone-df609 {"projectId":"tiktok-clone-df609","projectNumber":"47763814740","displayName":"tiktok-clone","name":"projects/tiktok-clone-df609","resources":{"hostingSite":"tiktok-clone-df609"},"state":"ACTIVE"}
[info] 
[info] === Deploying to 'tiktok-clone-df609'...
[info] 
[info] i  deploying hosting 
[debug] [2021-07-06T11:30:36.197Z] > refreshing access token with scopes: ["email","https://www.googleapis.com/auth/cloud-platform","https://www.googleapis.com/auth/cloudplatformprojects.readonly","https://www.googleapis.com/auth/firebase","openid"]
[debug] [2021-07-06T11:30:36.197Z] >>> HTTP REQUEST POST https://www.googleapis.com/oauth2/v3/token  
 <request body omitted>
[debug] [2021-07-06T11:30:36.678Z] <<< HTTP RESPONSE 200 {"cache-control":"no-cache, no-store, max-age=0, must-revalidate","date":"Tue, 06 Jul 2021 11:30:36 GMT","pragma":"no-cache","expires":"Mon, 01 Jan 1990 00:00:00 GMT","content-type":"application/json; charset=utf-8","vary":"X-Origin, Referer, Origin,Accept-Encoding","server":"scaffolding on HTTPServer2","x-xss-protection":"0","x-frame-options":"SAMEORIGIN","x-content-type-options":"nosniff","alt-svc":"h3=\":443\"; ma=2592000,h3-29=\":443\"; ma=2592000,h3-T051=\":443\"; ma=2592000,h3-Q050=\":443\"; ma=2592000,h3-Q046=\":443\"; ma=2592000,h3-Q043=\":443\"; ma=2592000,quic=\":443\"; ma=2592000; v=\"46,43\"","accept-ranges":"none","transfer-encoding":"chunked"}
[debug] [2021-07-06T11:30:36.708Z] >>> HTTP REQUEST POST https://firebasehosting.googleapis.com/v1beta1/sites/tiktok-clone-df609/versions  
 {"config":{"rewrites":[{"glob":"**","path":"/index.html"}]},"labels":{"deployment-tool":"cli-firebase"}}
[debug] [2021-07-06T11:30:39.383Z] <<< HTTP RESPONSE 200 {"content-type":"application/json; charset=UTF-8","vary":"X-Origin, Referer, Origin,Accept-Encoding","date":"Tue, 06 Jul 2021 11:30:39 GMT","server":"ESF","cache-control":"private","x-xss-protection":"0","x-frame-options":"SAMEORIGIN","x-content-type-options":"nosniff","alt-svc":"h3=\":443\"; ma=2592000,h3-29=\":443\"; ma=2592000,h3-T051=\":443\"; ma=2592000,h3-Q050=\":443\"; ma=2592000,h3-Q046=\":443\"; ma=2592000,h3-Q043=\":443\"; ma=2592000,quic=\":443\"; ma=2592000; v=\"46,43\"","accept-ranges":"none","transfer-encoding":"chunked"}
[info] i  hosting[tiktok-clone-df609]: beginning deploy... 
[info] i  hosting[tiktok-clone-df609]: found 18 files in build 
[debug] [2021-07-06T11:30:39.394Z] [hosting] hash cache [YnVpbGQ] not populated
[debug] [2021-07-06T11:30:39.654Z] > refreshing access token with scopes: []
[debug] [2021-07-06T11:30:39.654Z] >>> HTTP REQUEST POST https://www.googleapis.com/oauth2/v3/token  
 <request body omitted>
[debug] [2021-07-06T11:30:39.655Z] [hosting] hash cache [YnVpbGQ] stored for 18 files
[debug] [2021-07-06T11:30:39.655Z] [hosting][hash queue][FINAL] {"max":255,"min":11,"avg":26.22222222222222,"active":0,"complete":18,"success":18,"errored":0,"retried":0,"total":18,"elapsed":260}
[debug] [2021-07-06T11:30:40.223Z] <<< HTTP RESPONSE 200 {"date":"Tue, 06 Jul 2021 11:30:40 GMT","cache-control":"no-cache, no-store, max-age=0, must-revalidate","pragma":"no-cache","expires":"Mon, 01 Jan 1990 00:00:00 GMT","content-type":"application/json; charset=utf-8","vary":"X-Origin, Referer, Origin,Accept-Encoding","server":"scaffolding on HTTPServer2","x-xss-protection":"0","x-frame-options":"SAMEORIGIN","x-content-type-options":"nosniff","alt-svc":"h3=\":443\"; ma=2592000,h3-29=\":443\"; ma=2592000,h3-T051=\":443\"; ma=2592000,h3-Q050=\":443\"; ma=2592000,h3-Q046=\":443\"; ma=2592000,h3-Q043=\":443\"; ma=2592000,quic=\":443\"; ma=2592000; v=\"46,43\"","accept-ranges":"none","transfer-encoding":"chunked"}
[debug] [2021-07-06T11:30:40.254Z] >>> [apiv2][query] POST https://firebasehosting.googleapis.com/v1beta1/sites/tiktok-clone-df609/versions/6d45b2a767fe94f4:populateFiles [none]
[debug] [2021-07-06T11:30:40.254Z] >>> [apiv2][body] POST https://firebasehosting.googleapis.com/v1beta1/sites/tiktok-clone-df609/versions/6d45b2a767fe94f4:populateFiles {"files":{"/index.html":"19fe99a62781e79e2d5f7d60a272b076801df936c5c79eba2b6923f0070d86fe","/favicon.ico":"b72f7455f00e4e58792d2bca892abb068e2213838c0316d6b7a0d6d16acd1955","/manifest.json":"341d52628782f8ac9290bbfc43298afccb47b7cbfcee146ae30cf0f46bc30900","/static/css/main.29ded93d.chunk.css":"f2227d06204b23ba7c134f75adbc2d03b0f64d4b794a20fb0b4cb8c83ae938f1","/static/css/main.29ded93d.chunk.css.map":"c21edfc83a8d0bd45385b19ffd680e6c38d6ff0ecdcd151ae22276c74424a69b","/static/js/2.8b0d7706.chunk.js.LICENSE.txt":"161b7699b3aef14a2041a4ca1d13fa1f5f8178bf9917ef90e8341bbf204c1fb6","/asset-manifest.json":"023e4997b76125cc3e0521441852be79a483abf92a45a7ece08125aeeb176e8d","/static/js/3.b2130921.chunk.js":"7809b97213fc1636f5e00320bab6a092e1323ab33f45b1d08c1111fe05cbab31","/static/js/main.4269d2d7.chunk.js":"572c5178a78b283d24c2c0e9cf4bde1c203b4fa913222b92bf1bd857e26b5d07","/static/js/3.b2130921.chunk.js.map":"b4f06852fb26744729a40fbf53c343a933971ed8851f392df6f041510452c967","/static/js/runtime-main.2a1c89ac.js":"7b092ae7265d07124ca7ac046c284fe3e94e2ef163860a55642a36abaea8c699","/static/js/main.4269d2d7.chunk.js.map":"dd0a57d4bece616a31d694eab4a1e0834925bf0e3b47ab0577ac180abb033c25","/logo192.png":"caff018b7f1e8fd481eb1c50d75b0ef236bcd5078b1d15c8bb348453fee30293","/robots.txt":"391d14b3c2f8c9143a27a28c7399585142228d4d1bdbe2c87ac946de411fa9a2","/static/js/runtime-main.2a1c89ac.js.map":"d445bb2c539c81ce31ca2fac2c79f590ba1d20350cdec88fc86d75e8f69f3155","/logo512.png":"191fc21360b4ccfb1cda11a1efb97f489ed22672ca83f4064316802bbfdd750e","/static/js/2.8b0d7706.chunk.js":"fa7b3b26fd45a1c6314f86007b9952b00e39bf4de5346e23bece81daa5e3f6ff","/static/js/2.8b0d7706.chunk.js.map":"52aab2b1ceb76b1b7ff6b4626c532c73ed97752d78dc153c33ac8e2612eb2218"}}
[debug] [2021-07-06T11:30:42.431Z] <<< [apiv2][status] POST https://firebasehosting.googleapis.com/v1beta1/sites/tiktok-clone-df609/versions/6d45b2a767fe94f4:populateFiles 200
[debug] [2021-07-06T11:30:42.431Z] <<< [apiv2][body] POST https://firebasehosting.googleapis.com/v1beta1/sites/tiktok-clone-df609/versions/6d45b2a767fe94f4:populateFiles {"uploadRequiredHashes":["fa7b3b26fd45a1c6314f86007b9952b00e39bf4de5346e23bece81daa5e3f6ff","391d14b3c2f8c9143a27a28c7399585142228d4d1bdbe2c87ac946de411fa9a2","161b7699b3aef14a2041a4ca1d13fa1f5f8178bf9917ef90e8341bbf204c1fb6","f2227d06204b23ba7c134f75adbc2d03b0f64d4b794a20fb0b4cb8c83ae938f1","dd0a57d4bece616a31d694eab4a1e0834925bf0e3b47ab0577ac180abb033c25","023e4997b76125cc3e0521441852be79a483abf92a45a7ece08125aeeb176e8d","c21edfc83a8d0bd45385b19ffd680e6c38d6ff0ecdcd151ae22276c74424a69b","52aab2b1ceb76b1b7ff6b4626c532c73ed97752d78dc153c33ac8e2612eb2218","19fe99a62781e79e2d5f7d60a272b076801df936c5c79eba2b6923f0070d86fe","191fc21360b4ccfb1cda11a1efb97f489ed22672ca83f4064316802bbfdd750e","b4f06852fb26744729a40fbf53c343a933971ed8851f392df6f041510452c967","572c5178a78b283d24c2c0e9cf4bde1c203b4fa913222b92bf1bd857e26b5d07","7809b97213fc1636f5e00320bab6a092e1323ab33f45b1d08c1111fe05cbab31","7b092ae7265d07124ca7ac046c284fe3e94e2ef163860a55642a36abaea8c699","caff018b7f1e8fd481eb1c50d75b0ef236bcd5078b1d15c8bb348453fee30293","341d52628782f8ac9290bbfc43298afccb47b7cbfcee146ae30cf0f46bc30900","d445bb2c539c81ce31ca2fac2c79f590ba1d20350cdec88fc86d75e8f69f3155","b72f7455f00e4e58792d2bca892abb068e2213838c0316d6b7a0d6d16acd1955"],"uploadUrl":"https://upload-firebasehosting.googleapis.com/upload/sites/tiktok-clone-df609/versions/6d45b2a767fe94f4/files"}
[debug] [2021-07-06T11:30:42.439Z] >>> [apiv2][query] POST https://upload-firebasehosting.googleapis.com/upload/sites/tiktok-clone-df609/versions/6d45b2a767fe94f4/files/fa7b3b26fd45a1c6314f86007b9952b00e39bf4de5346e23bece81daa5e3f6ff [none]
[debug] [2021-07-06T11:30:42.439Z] >>> [apiv2][body] POST https://upload-firebasehosting.googleapis.com/upload/sites/tiktok-clone-df609/versions/6d45b2a767fe94f4/files/fa7b3b26fd45a1c6314f86007b9952b00e39bf4de5346e23bece81daa5e3f6ff [stream]
[debug] [2021-07-06T11:30:42.440Z] >>> [apiv2][query] POST https://upload-firebasehosting.googleapis.com/upload/sites/tiktok-clone-df609/versions/6d45b2a767fe94f4/files/391d14b3c2f8c9143a27a28c7399585142228d4d1bdbe2c87ac946de411fa9a2 [none]
[debug] [2021-07-06T11:30:42.440Z] >>> [apiv2][body] POST https://upload-firebasehosting.googleapis.com/upload/sites/tiktok-clone-df609/versions/6d45b2a767fe94f4/files/391d14b3c2f8c9143a27a28c7399585142228d4d1bdbe2c87ac946de411fa9a2 [stream]
[debug] [2021-07-06T11:30:42.443Z] >>> [apiv2][query] POST https://upload-firebasehosting.googleapis.com/upload/sites/tiktok-clone-df609/versions/6d45b2a767fe94f4/files/161b7699b3aef14a2041a4ca1d13fa1f5f8178bf9917ef90e8341bbf204c1fb6 [none]
[debug] [2021-07-06T11:30:42.444Z] >>> [apiv2][body] POST https://upload-firebasehosting.googleapis.com/upload/sites/tiktok-clone-df609/versions/6d45b2a767fe94f4/files/161b7699b3aef14a2041a4ca1d13fa1f5f8178bf9917ef90e8341bbf204c1fb6 [stream]
[debug] [2021-07-06T11:30:42.445Z] >>> [apiv2][query] POST https://upload-firebasehosting.googleapis.com/upload/sites/tiktok-clone-df609/versions/6d45b2a767fe94f4/files/f2227d06204b23ba7c134f75adbc2d03b0f64d4b794a20fb0b4cb8c83ae938f1 [none]
[debug] [2021-07-06T11:30:42.445Z] >>> [apiv2][body] POST https://upload-firebasehosting.googleapis.com/upload/sites/tiktok-clone-df609/versions/6d45b2a767fe94f4/files/f2227d06204b23ba7c134f75adbc2d03b0f64d4b794a20fb0b4cb8c83ae938f1 [stream]
[debug] [2021-07-06T11:30:42.446Z] >>> [apiv2][query] POST https://upload-firebasehosting.googleapis.com/upload/sites/tiktok-clone-df609/versions/6d45b2a767fe94f4/files/dd0a57d4bece616a31d694eab4a1e0834925bf0e3b47ab0577ac180abb033c25 [none]
[debug] [2021-07-06T11:30:42.446Z] >>> [apiv2][body] POST https://upload-firebasehosting.googleapis.com/upload/sites/tiktok-clone-df609/versions/6d45b2a767fe94f4/files/dd0a57d4bece616a31d694eab4a1e0834925bf0e3b47ab0577ac180abb033c25 [stream]
[debug] [2021-07-06T11:30:42.446Z] >>> [apiv2][query] POST https://upload-firebasehosting.googleapis.com/upload/sites/tiktok-clone-df609/versions/6d45b2a767fe94f4/files/023e4997b76125cc3e0521441852be79a483abf92a45a7ece08125aeeb176e8d [none]
[debug] [2021-07-06T11:30:42.446Z] >>> [apiv2][body] POST https://upload-firebasehosting.googleapis.com/upload/sites/tiktok-clone-df609/versions/6d45b2a767fe94f4/files/023e4997b76125cc3e0521441852be79a483abf92a45a7ece08125aeeb176e8d [stream]
[debug] [2021-07-06T11:30:42.447Z] >>> [apiv2][query] POST https://upload-firebasehosting.googleapis.com/upload/sites/tiktok-clone-df609/versions/6d45b2a767fe94f4/files/c21edfc83a8d0bd45385b19ffd680e6c38d6ff0ecdcd151ae22276c74424a69b [none]
[debug] [2021-07-06T11:30:42.447Z] >>> [apiv2][body] POST https://upload-firebasehosting.googleapis.com/upload/sites/tiktok-clone-df609/versions/6d45b2a767fe94f4/files/c21edfc83a8d0bd45385b19ffd680e6c38d6ff0ecdcd151ae22276c74424a69b [stream]
[debug] [2021-07-06T11:30:42.448Z] >>> [apiv2][query] POST https://upload-firebasehosting.googleapis.com/upload/sites/tiktok-clone-df609/versions/6d45b2a767fe94f4/files/52aab2b1ceb76b1b7ff6b4626c532c73ed97752d78dc153c33ac8e2612eb2218 [none]
[debug] [2021-07-06T11:30:42.448Z] >>> [apiv2][body] POST https://upload-firebasehosting.googleapis.com/upload/sites/tiktok-clone-df609/versions/6d45b2a767fe94f4/files/52aab2b1ceb76b1b7ff6b4626c532c73ed97752d78dc153c33ac8e2612eb2218 [stream]
[debug] [2021-07-06T11:30:42.448Z] >>> [apiv2][query] POST https://upload-firebasehosting.googleapis.com/upload/sites/tiktok-clone-df609/versions/6d45b2a767fe94f4/files/19fe99a62781e79e2d5f7d60a272b076801df936c5c79eba2b6923f0070d86fe [none]
[debug] [2021-07-06T11:30:42.448Z] >>> [apiv2][body] POST https://upload-firebasehosting.googleapis.com/upload/sites/tiktok-clone-df609/versions/6d45b2a767fe94f4/files/19fe99a62781e79e2d5f7d60a272b076801df936c5c79eba2b6923f0070d86fe [stream]
[debug] [2021-07-06T11:30:42.449Z] >>> [apiv2][query] POST https://upload-firebasehosting.googleapis.com/upload/sites/tiktok-clone-df609/versions/6d45b2a767fe94f4/files/191fc21360b4ccfb1cda11a1efb97f489ed22672ca83f4064316802bbfdd750e [none]
[debug] [2021-07-06T11:30:42.449Z] >>> [apiv2][body] POST https://upload-firebasehosting.googleapis.com/upload/sites/tiktok-clone-df609/versions/6d45b2a767fe94f4/files/191fc21360b4ccfb1cda11a1efb97f489ed22672ca83f4064316802bbfdd750e [stream]
[debug] [2021-07-06T11:30:42.450Z] >>> [apiv2][query] POST https://upload-firebasehosting.googleapis.com/upload/sites/tiktok-clone-df609/versions/6d45b2a767fe94f4/files/b4f06852fb26744729a40fbf53c343a933971ed8851f392df6f041510452c967 [none]
[debug] [2021-07-06T11:30:42.450Z] >>> [apiv2][body] POST https://upload-firebasehosting.googleapis.com/upload/sites/tiktok-clone-df609/versions/6d45b2a767fe94f4/files/b4f06852fb26744729a40fbf53c343a933971ed8851f392df6f041510452c967 [stream]
[debug] [2021-07-06T11:30:42.452Z] >>> [apiv2][query] POST https://upload-firebasehosting.googleapis.com/upload/sites/tiktok-clone-df609/versions/6d45b2a767fe94f4/files/572c5178a78b283d24c2c0e9cf4bde1c203b4fa913222b92bf1bd857e26b5d07 [none]
[debug] [2021-07-06T11:30:42.452Z] >>> [apiv2][body] POST https://upload-firebasehosting.googleapis.com/upload/sites/tiktok-clone-df609/versions/6d45b2a767fe94f4/files/572c5178a78b283d24c2c0e9cf4bde1c203b4fa913222b92bf1bd857e26b5d07 [stream]
[debug] [2021-07-06T11:30:42.452Z] >>> [apiv2][query] POST https://upload-firebasehosting.googleapis.com/upload/sites/tiktok-clone-df609/versions/6d45b2a767fe94f4/files/7809b97213fc1636f5e00320bab6a092e1323ab33f45b1d08c1111fe05cbab31 [none]
[debug] [2021-07-06T11:30:42.452Z] >>> [apiv2][body] POST https://upload-firebasehosting.googleapis.com/upload/sites/tiktok-clone-df609/versions/6d45b2a767fe94f4/files/7809b97213fc1636f5e00320bab6a092e1323ab33f45b1d08c1111fe05cbab31 [stream]
[debug] [2021-07-06T11:30:42.454Z] >>> [apiv2][query] POST https://upload-firebasehosting.googleapis.com/upload/sites/tiktok-clone-df609/versions/6d45b2a767fe94f4/files/7b092ae7265d07124ca7ac046c284fe3e94e2ef163860a55642a36abaea8c699 [none]
[debug] [2021-07-06T11:30:42.454Z] >>> [apiv2][body] POST https://upload-firebasehosting.googleapis.com/upload/sites/tiktok-clone-df609/versions/6d45b2a767fe94f4/files/7b092ae7265d07124ca7ac046c284fe3e94e2ef163860a55642a36abaea8c699 [stream]
[debug] [2021-07-06T11:30:42.455Z] >>> [apiv2][query] POST https://upload-firebasehosting.googleapis.com/upload/sites/tiktok-clone-df609/versions/6d45b2a767fe94f4/files/caff018b7f1e8fd481eb1c50d75b0ef236bcd5078b1d15c8bb348453fee30293 [none]
[debug] [2021-07-06T11:30:42.455Z] >>> [apiv2][body] POST https://upload-firebasehosting.googleapis.com/upload/sites/tiktok-clone-df609/versions/6d45b2a767fe94f4/files/caff018b7f1e8fd481eb1c50d75b0ef236bcd5078b1d15c8bb348453fee30293 [stream]
[debug] [2021-07-06T11:30:42.455Z] >>> [apiv2][query] POST https://upload-firebasehosting.googleapis.com/upload/sites/tiktok-clone-df609/versions/6d45b2a767fe94f4/files/341d52628782f8ac9290bbfc43298afccb47b7cbfcee146ae30cf0f46bc30900 [none]
[debug] [2021-07-06T11:30:42.455Z] >>> [apiv2][body] POST https://upload-firebasehosting.googleapis.com/upload/sites/tiktok-clone-df609/versions/6d45b2a767fe94f4/files/341d52628782f8ac9290bbfc43298afccb47b7cbfcee146ae30cf0f46bc30900 [stream]
[debug] [2021-07-06T11:30:42.456Z] >>> [apiv2][query] POST https://upload-firebasehosting.googleapis.com/upload/sites/tiktok-clone-df609/versions/6d45b2a767fe94f4/files/d445bb2c539c81ce31ca2fac2c79f590ba1d20350cdec88fc86d75e8f69f3155 [none]
[debug] [2021-07-06T11:30:42.456Z] >>> [apiv2][body] POST https://upload-firebasehosting.googleapis.com/upload/sites/tiktok-clone-df609/versions/6d45b2a767fe94f4/files/d445bb2c539c81ce31ca2fac2c79f590ba1d20350cdec88fc86d75e8f69f3155 [stream]
[debug] [2021-07-06T11:30:42.465Z] >>> [apiv2][query] POST https://upload-firebasehosting.googleapis.com/upload/sites/tiktok-clone-df609/versions/6d45b2a767fe94f4/files/b72f7455f00e4e58792d2bca892abb068e2213838c0316d6b7a0d6d16acd1955 [none]
[debug] [2021-07-06T11:30:42.465Z] >>> [apiv2][body] POST https://upload-firebasehosting.googleapis.com/upload/sites/tiktok-clone-df609/versions/6d45b2a767fe94f4/files/b72f7455f00e4e58792d2bca892abb068e2213838c0316d6b7a0d6d16acd1955 [stream]
[debug] [2021-07-06T11:30:42.467Z] [hosting][populate queue][FINAL] {"max":2786,"min":2786,"avg":2786,"active":0,"complete":1,"success":1,"errored":0,"retried":0,"total":1,"elapsed":2814}
[debug] [2021-07-06T11:30:42.468Z] [hosting] uploads queued: 18
[debug] [2021-07-06T11:30:44.779Z] <<< [apiv2][status] POST https://upload-firebasehosting.googleapis.com/upload/sites/tiktok-clone-df609/versions/6d45b2a767fe94f4/files/dd0a57d4bece616a31d694eab4a1e0834925bf0e3b47ab0577ac180abb033c25 200
[debug] [2021-07-06T11:30:44.779Z] <<< [apiv2][body] POST https://upload-firebasehosting.googleapis.com/upload/sites/tiktok-clone-df609/versions/6d45b2a767fe94f4/files/dd0a57d4bece616a31d694eab4a1e0834925bf0e3b47ab0577ac180abb033c25 [stream]
[debug] [2021-07-06T11:30:45.138Z] <<< [apiv2][status] POST https://upload-firebasehosting.googleapis.com/upload/sites/tiktok-clone-df609/versions/6d45b2a767fe94f4/files/b72f7455f00e4e58792d2bca892abb068e2213838c0316d6b7a0d6d16acd1955 200
[debug] [2021-07-06T11:30:45.138Z] <<< [apiv2][body] POST https://upload-firebasehosting.googleapis.com/upload/sites/tiktok-clone-df609/versions/6d45b2a767fe94f4/files/b72f7455f00e4e58792d2bca892abb068e2213838c0316d6b7a0d6d16acd1955 [stream]
[debug] [2021-07-06T11:30:45.139Z] <<< [apiv2][status] POST https://upload-firebasehosting.googleapis.com/upload/sites/tiktok-clone-df609/versions/6d45b2a767fe94f4/files/7809b97213fc1636f5e00320bab6a092e1323ab33f45b1d08c1111fe05cbab31 200
[debug] [2021-07-06T11:30:45.139Z] <<< [apiv2][body] POST https://upload-firebasehosting.googleapis.com/upload/sites/tiktok-clone-df609/versions/6d45b2a767fe94f4/files/7809b97213fc1636f5e00320bab6a092e1323ab33f45b1d08c1111fe05cbab31 [stream]
[debug] [2021-07-06T11:30:45.446Z] <<< [apiv2][status] POST https://upload-firebasehosting.googleapis.com/upload/sites/tiktok-clone-df609/versions/6d45b2a767fe94f4/files/b4f06852fb26744729a40fbf53c343a933971ed8851f392df6f041510452c967 200
[debug] [2021-07-06T11:30:45.447Z] <<< [apiv2][body] POST https://upload-firebasehosting.googleapis.com/upload/sites/tiktok-clone-df609/versions/6d45b2a767fe94f4/files/b4f06852fb26744729a40fbf53c343a933971ed8851f392df6f041510452c967 [stream]
[debug] [2021-07-06T11:30:45.448Z] <<< [apiv2][status] POST https://upload-firebasehosting.googleapis.com/upload/sites/tiktok-clone-df609/versions/6d45b2a767fe94f4/files/d445bb2c539c81ce31ca2fac2c79f590ba1d20350cdec88fc86d75e8f69f3155 200
[debug] [2021-07-06T11:30:45.448Z] <<< [apiv2][body] POST https://upload-firebasehosting.googleapis.com/upload/sites/tiktok-clone-df609/versions/6d45b2a767fe94f4/files/d445bb2c539c81ce31ca2fac2c79f590ba1d20350cdec88fc86d75e8f69f3155 [stream]
[debug] [2021-07-06T11:30:45.449Z] <<< [apiv2][status] POST https://upload-firebasehosting.googleapis.com/upload/sites/tiktok-clone-df609/versions/6d45b2a767fe94f4/files/caff018b7f1e8fd481eb1c50d75b0ef236bcd5078b1d15c8bb348453fee30293 200
[debug] [2021-07-06T11:30:45.450Z] <<< [apiv2][body] POST https://upload-firebasehosting.googleapis.com/upload/sites/tiktok-clone-df609/versions/6d45b2a767fe94f4/files/caff018b7f1e8fd481eb1c50d75b0ef236bcd5078b1d15c8bb348453fee30293 [stream]
[debug] [2021-07-06T11:30:45.451Z] <<< [apiv2][status] POST https://upload-firebasehosting.googleapis.com/upload/sites/tiktok-clone-df609/versions/6d45b2a767fe94f4/files/391d14b3c2f8c9143a27a28c7399585142228d4d1bdbe2c87ac946de411fa9a2 200
[debug] [2021-07-06T11:30:45.451Z] <<< [apiv2][body] POST https://upload-firebasehosting.googleapis.com/upload/sites/tiktok-clone-df609/versions/6d45b2a767fe94f4/files/391d14b3c2f8c9143a27a28c7399585142228d4d1bdbe2c87ac946de411fa9a2 [stream]
[debug] [2021-07-06T11:30:45.452Z] <<< [apiv2][status] POST https://upload-firebasehosting.googleapis.com/upload/sites/tiktok-clone-df609/versions/6d45b2a767fe94f4/files/161b7699b3aef14a2041a4ca1d13fa1f5f8178bf9917ef90e8341bbf204c1fb6 200
[debug] [2021-07-06T11:30:45.452Z] <<< [apiv2][body] POST https://upload-firebasehosting.googleapis.com/upload/sites/tiktok-clone-df609/versions/6d45b2a767fe94f4/files/161b7699b3aef14a2041a4ca1d13fa1f5f8178bf9917ef90e8341bbf204c1fb6 [stream]
[debug] [2021-07-06T11:30:45.715Z] <<< [apiv2][status] POST https://upload-firebasehosting.googleapis.com/upload/sites/tiktok-clone-df609/versions/6d45b2a767fe94f4/files/023e4997b76125cc3e0521441852be79a483abf92a45a7ece08125aeeb176e8d 200
[debug] [2021-07-06T11:30:45.715Z] <<< [apiv2][body] POST https://upload-firebasehosting.googleapis.com/upload/sites/tiktok-clone-df609/versions/6d45b2a767fe94f4/files/023e4997b76125cc3e0521441852be79a483abf92a45a7ece08125aeeb176e8d [stream]
[debug] [2021-07-06T11:30:45.716Z] <<< [apiv2][status] POST https://upload-firebasehosting.googleapis.com/upload/sites/tiktok-clone-df609/versions/6d45b2a767fe94f4/files/572c5178a78b283d24c2c0e9cf4bde1c203b4fa913222b92bf1bd857e26b5d07 200
[debug] [2021-07-06T11:30:45.716Z] <<< [apiv2][body] POST https://upload-firebasehosting.googleapis.com/upload/sites/tiktok-clone-df609/versions/6d45b2a767fe94f4/files/572c5178a78b283d24c2c0e9cf4bde1c203b4fa913222b92bf1bd857e26b5d07 [stream]
[debug] [2021-07-06T11:30:45.717Z] <<< [apiv2][status] POST https://upload-firebasehosting.googleapis.com/upload/sites/tiktok-clone-df609/versions/6d45b2a767fe94f4/files/341d52628782f8ac9290bbfc43298afccb47b7cbfcee146ae30cf0f46bc30900 200
[debug] [2021-07-06T11:30:45.717Z] <<< [apiv2][body] POST https://upload-firebasehosting.googleapis.com/upload/sites/tiktok-clone-df609/versions/6d45b2a767fe94f4/files/341d52628782f8ac9290bbfc43298afccb47b7cbfcee146ae30cf0f46bc30900 [stream]
[debug] [2021-07-06T11:30:45.718Z] <<< [apiv2][status] POST https://upload-firebasehosting.googleapis.com/upload/sites/tiktok-clone-df609/versions/6d45b2a767fe94f4/files/7b092ae7265d07124ca7ac046c284fe3e94e2ef163860a55642a36abaea8c699 200
[debug] [2021-07-06T11:30:45.718Z] <<< [apiv2][body] POST https://upload-firebasehosting.googleapis.com/upload/sites/tiktok-clone-df609/versions/6d45b2a767fe94f4/files/7b092ae7265d07124ca7ac046c284fe3e94e2ef163860a55642a36abaea8c699 [stream]
[debug] [2021-07-06T11:30:45.719Z] <<< [apiv2][status] POST https://upload-firebasehosting.googleapis.com/upload/sites/tiktok-clone-df609/versions/6d45b2a767fe94f4/files/19fe99a62781e79e2d5f7d60a272b076801df936c5c79eba2b6923f0070d86fe 200
[debug] [2021-07-06T11:30:45.719Z] <<< [apiv2][body] POST https://upload-firebasehosting.googleapis.com/upload/sites/tiktok-clone-df609/versions/6d45b2a767fe94f4/files/19fe99a62781e79e2d5f7d60a272b076801df936c5c79eba2b6923f0070d86fe [stream]
[debug] [2021-07-06T11:30:45.936Z] <<< [apiv2][status] POST https://upload-firebasehosting.googleapis.com/upload/sites/tiktok-clone-df609/versions/6d45b2a767fe94f4/files/c21edfc83a8d0bd45385b19ffd680e6c38d6ff0ecdcd151ae22276c74424a69b 200
[debug] [2021-07-06T11:30:45.936Z] <<< [apiv2][body] POST https://upload-firebasehosting.googleapis.com/upload/sites/tiktok-clone-df609/versions/6d45b2a767fe94f4/files/c21edfc83a8d0bd45385b19ffd680e6c38d6ff0ecdcd151ae22276c74424a69b [stream]
[debug] [2021-07-06T11:30:45.988Z] <<< [apiv2][status] POST https://upload-firebasehosting.googleapis.com/upload/sites/tiktok-clone-df609/versions/6d45b2a767fe94f4/files/191fc21360b4ccfb1cda11a1efb97f489ed22672ca83f4064316802bbfdd750e 200
[debug] [2021-07-06T11:30:45.988Z] <<< [apiv2][body] POST https://upload-firebasehosting.googleapis.com/upload/sites/tiktok-clone-df609/versions/6d45b2a767fe94f4/files/191fc21360b4ccfb1cda11a1efb97f489ed22672ca83f4064316802bbfdd750e [stream]
[debug] [2021-07-06T11:30:46.010Z] <<< [apiv2][status] POST https://upload-firebasehosting.googleapis.com/upload/sites/tiktok-clone-df609/versions/6d45b2a767fe94f4/files/f2227d06204b23ba7c134f75adbc2d03b0f64d4b794a20fb0b4cb8c83ae938f1 200
[debug] [2021-07-06T11:30:46.010Z] <<< [apiv2][body] POST https://upload-firebasehosting.googleapis.com/upload/sites/tiktok-clone-df609/versions/6d45b2a767fe94f4/files/f2227d06204b23ba7c134f75adbc2d03b0f64d4b794a20fb0b4cb8c83ae938f1 [stream]
[debug] [2021-07-06T11:30:46.903Z] <<< [apiv2][status] POST https://upload-firebasehosting.googleapis.com/upload/sites/tiktok-clone-df609/versions/6d45b2a767fe94f4/files/fa7b3b26fd45a1c6314f86007b9952b00e39bf4de5346e23bece81daa5e3f6ff 200
[debug] [2021-07-06T11:30:46.903Z] <<< [apiv2][body] POST https://upload-firebasehosting.googleapis.com/upload/sites/tiktok-clone-df609/versions/6d45b2a767fe94f4/files/fa7b3b26fd45a1c6314f86007b9952b00e39bf4de5346e23bece81daa5e3f6ff [stream]
[debug] [2021-07-06T11:30:47.850Z] <<< [apiv2][status] POST https://upload-firebasehosting.googleapis.com/upload/sites/tiktok-clone-df609/versions/6d45b2a767fe94f4/files/52aab2b1ceb76b1b7ff6b4626c532c73ed97752d78dc153c33ac8e2612eb2218 200
[debug] [2021-07-06T11:30:47.850Z] <<< [apiv2][body] POST https://upload-firebasehosting.googleapis.com/upload/sites/tiktok-clone-df609/versions/6d45b2a767fe94f4/files/52aab2b1ceb76b1b7ff6b4626c532c73ed97752d78dc153c33ac8e2612eb2218 [stream]
[debug] [2021-07-06T11:30:47.851Z] [hosting][upload queue][FINAL] {"max":5416,"min":2344,"avg":3318.8333333333335,"active":0,"complete":18,"success":18,"errored":0,"retried":0,"total":18,"elapsed":5419}
[info] ✔  hosting[tiktok-clone-df609]: file upload complete 
[debug] [2021-07-06T11:30:47.855Z] [hosting] deploy completed after 8470ms
[debug] [2021-07-06T11:30:47.860Z] [
  {
    "config": {
      "public": "build",
      "ignore": [
        "firebase.json",
        "**/.*",
        "**/node_modules/**"
      ],
      "rewrites": [
        {
          "source": "**",
          "destination": "/index.html"
        }
      ],
      "site": "tiktok-clone-df609"
    },
    "site": "tiktok-clone-df609",
    "version": "sites/tiktok-clone-df609/versions/6d45b2a767fe94f4"
  }
]
[info] i  hosting[tiktok-clone-df609]: finalizing version... 
[debug] [2021-07-06T11:30:47.860Z] > refreshing access token with scopes: ["email","https://www.googleapis.com/auth/cloud-platform","https://www.googleapis.com/auth/cloudplatformprojects.readonly","https://www.googleapis.com/auth/firebase","openid"]
[debug] [2021-07-06T11:30:47.861Z] >>> HTTP REQUEST POST https://www.googleapis.com/oauth2/v3/token  
 <request body omitted>
[debug] [2021-07-06T11:30:49.910Z] <<< HTTP RESPONSE 200 {"expires":"Mon, 01 Jan 1990 00:00:00 GMT","cache-control":"no-cache, no-store, max-age=0, must-revalidate","pragma":"no-cache","date":"Tue, 06 Jul 2021 11:30:49 GMT","content-type":"application/json; charset=utf-8","vary":"X-Origin, Referer, Origin,Accept-Encoding","server":"scaffolding on HTTPServer2","x-xss-protection":"0","x-frame-options":"SAMEORIGIN","x-content-type-options":"nosniff","alt-svc":"h3=\":443\"; ma=2592000,h3-29=\":443\"; ma=2592000,h3-T051=\":443\"; ma=2592000,h3-Q050=\":443\"; ma=2592000,h3-Q046=\":443\"; ma=2592000,h3-Q043=\":443\"; ma=2592000,quic=\":443\"; ma=2592000; v=\"46,43\"","accept-ranges":"none","transfer-encoding":"chunked"}
[debug] [2021-07-06T11:30:49.936Z] >>> HTTP REQUEST PATCH https://firebasehosting.googleapis.com/v1beta1/sites/tiktok-clone-df609/versions/6d45b2a767fe94f4?updateMask=status  
 {"status":"FINALIZED"}
